<?xml version="1.0" encoding="UTF-8"?>
<!-- Generated by org.testng.reporters.JUnitReportReporter -->
<testsuite skipped="0" hostname="Pratyush-PC" name="com.qa.rwue.TestCases.UserEvent_Test" tests="3" failures="0" timestamp="2020-05-21T15:01:17 IST" time="397.673" errors="0">
  <testcase name="Verify_Userevent_G_Case1" time="138.008" classname="com.qa.rwue.TestCases.UserEvent_Test"/>
  <testcase name="Verify_Userevent_G_Case2" time="129.693" classname="com.qa.rwue.TestCases.UserEvent_Test"/>
  <testcase name="Verify_Userevent_G_Case3" time="129.972" classname="com.qa.rwue.TestCases.UserEvent_Test"/>
</testsuite> <!-- com.qa.rwue.TestCases.UserEvent_Test -->
