<?xml version="1.0" encoding="UTF-8"?>
<!-- Generated by org.testng.reporters.JUnitReportReporter -->
<testsuite skipped="0" hostname="Pratyush-PC" name="com.qa.rwue.TestCases.UserEvent_Test" tests="1" failures="0" timestamp="2020-05-20T12:42:07 IST" time="131.840" errors="0">
  <testcase name="Verify_Userevent_G" time="131.840" classname="com.qa.rwue.TestCases.UserEvent_Test"/>
</testsuite> <!-- com.qa.rwue.TestCases.UserEvent_Test -->
