<?xml version="1.0" encoding="UTF-8"?>
<!-- Generated by org.testng.reporters.JUnitReportReporter -->
<testsuite skipped="0" hostname="Pratyush-PC" name="com.qa.rwue.TestCases.UserEvent_Test" tests="1" failures="0" timestamp="2020-06-02T11:49:04 IST" time="92.547" errors="0">
  <testcase name="Verify_booking_SPA_L" time="92.547" classname="com.qa.rwue.TestCases.UserEvent_Test"/>
</testsuite> <!-- com.qa.rwue.TestCases.UserEvent_Test -->
