<?xml version="1.0" encoding="UTF-8"?>
<!-- Generated by org.testng.reporters.JUnitReportReporter -->
<testsuite skipped="0" hostname="Pratyush-PC" name="com.qa.rwue.TestCases.UserEvent_Test" tests="3" failures="0" timestamp="2020-05-22T17:18:45 IST" time="440.758" errors="0">
  <testcase name="Verify_Userevent_G_Case1" time="145.952" classname="com.qa.rwue.TestCases.UserEvent_Test"/>
  <testcase name="Verify_Userevent_G_Case2" time="150.165" classname="com.qa.rwue.TestCases.UserEvent_Test"/>
  <testcase name="Verify_Userevent_G_Case3" time="144.641" classname="com.qa.rwue.TestCases.UserEvent_Test"/>
</testsuite> <!-- com.qa.rwue.TestCases.UserEvent_Test -->
