<?xml version="1.0" encoding="UTF-8"?>
<!-- Generated by org.testng.reporters.JUnitReportReporter -->
<testsuite skipped="0" hostname="Pratyush-PC" name="com.qa.rwue.TestCases.UserEvent_Test" tests="3" failures="0" timestamp="2020-05-22T16:57:05 IST" time="422.985" errors="0">
  <testcase name="Verify_Userevent_G_Case1" time="141.574" classname="com.qa.rwue.TestCases.UserEvent_Test"/>
  <testcase name="Verify_Userevent_G_Case2" time="140.237" classname="com.qa.rwue.TestCases.UserEvent_Test"/>
  <testcase name="Verify_Userevent_G_Case3" time="141.174" classname="com.qa.rwue.TestCases.UserEvent_Test"/>
</testsuite> <!-- com.qa.rwue.TestCases.UserEvent_Test -->
